<?xml version="1.0" encoding="UTF-8"?>
<testsuite xmlns:xsi="http://www.w3.org/2001/XMLSchema-instance" xsi:noNamespaceSchemaLocation="https://maven.apache.org/surefire/maven-surefire-plugin/xsd/surefire-test-report-3.0.xsd" version="3.0" name="RomanNumeralTest" time="0.491" tests="5" errors="0" skipped="0" failures="0">
  <properties>
[...]
</properties>
  <testcase name="testEmptyInput" classname="RomanNumeralTest" time="0.046"/>
  <testcase name="testSubtractiveNotation" classname="RomanNumeralTest" time="0.0"/>
  <testcase name="testNullInput" classname="RomanNumeralTest" time="0.0"/>
  <testcase name="testSingleDigit" classname="RomanNumeralTest" time="0.0"/>
  <testcase name="testMultipleLetters" classname="RomanNumeralTest" time="0.0"/>
</testsuite>